This file contains any messages produced by compilers while
running configure, to aid debugging if configure makes a mistake.

It was created by configure, which was
generated by GNU Autoconf 2.65.  Invocation command line was

  $ ./configure --host=mipsel-linux --build=

## --------- ##
## Platform. ##
## --------- ##

hostname = jacky-HP-ProDesk-600-G2-SFF
uname -m = x86_64
uname -r = 4.13.0-41-generic
uname -s = Linux
uname -v = #46~16.04.1-Ubuntu SMP Thu May 3 10:06:43 UTC 2018

/usr/bin/uname -p = unknown
/bin/uname -X     = unknown

/bin/arch              = unknown
/usr/bin/arch -k       = unknown
/usr/convex/getsysinfo = unknown
/usr/bin/hostinfo      = unknown
/bin/machine           = unknown
/usr/bin/oslevel       = unknown
/bin/universe          = unknown

PATH: /home/RT-AC54U/asuswrt/release/tools
PATH: /home/RT-AC54U/asuswrt/release/src-ra-mt7620/ctools
PATH: /home/RT-AC54U/asuswrt/release/tools
PATH: /home/RT-AC54U/asuswrt/release/src-ra-mt7620/ctools
PATH: /home/RT-AC54U/asuswrt/release/tools
PATH: /home/RT-AC54U/asuswrt/release/src-ra-mt7620/ctools
PATH: /usr/local/sbin
PATH: /usr/local/bin
PATH: /usr/sbin
PATH: /usr/bin
PATH: /sbin
PATH: /bin
PATH: /snap/bin
PATH: /opt/brcm/hndtools-mipsel-linux/bin
PATH: /opt/brcm/hndtools-mipsel-uclibc/bin
PATH: /opt/buildroot-gcc342/bin


## ----------- ##
## Core tests. ##
## ----------- ##

configure:2018: checking for a BSD-compatible install
configure:2086: result: /usr/bin/install -c
configure:2097: checking whether build environment is sane
configure:2134: result: yes
configure:2196: checking for gawk
configure:2212: found /usr/bin/gawk
configure:2223: result: gawk
configure:2234: checking whether make sets $(MAKE)
configure:2256: result: yes
configure:2330: checking for mipsel-linux-strip
configure:2357: result: mipsel-uclibc-strip -R .note -R .comment
configure:2442: checking for mipsel-linux-gcc
configure:2469: result: mipsel-uclibc-gcc
configure:2738: checking for C compiler version
configure:2747: mipsel-uclibc-gcc --version >&5
mipsel-uclibc-gcc (GCC) 4.2.4
Copyright (C) 2007 Free Software Foundation, Inc.
This is free software; see the source for copying conditions.  There is NO
warranty; not even for MERCHANTABILITY or FITNESS FOR A PARTICULAR PURPOSE.

configure:2758: $? = 0
configure:2747: mipsel-uclibc-gcc -v >&5
Using built-in specs.
Target: mipsel-linux-uclibc
Configured with: /home/fedork/tomato/toolchain/build_dir/toolchain-mipsel_gcc4.2.4/gcc-4.2.4/configure --prefix=/opt/brcm/hndtools-mipsel-uclibc-4.2.4 --build=i486-linux-gnu --host=i486-linux-gnu --target=mipsel-linux-uclibc --with-gnu-ld --enable-target-optspace --disable-libgomp --disable-libmudflap --disable-multilib --disable-nls --disable-__cxa_atexit --enable-libssp --enable-languages=c,c++ --enable-shared --enable-threads --disable-tls
Thread model: posix
gcc version 4.2.4
configure:2758: $? = 0
configure:2747: mipsel-uclibc-gcc -V >&5
mipsel-uclibc-gcc: '-V' option must have argument
configure:2758: $? = 1
configure:2747: mipsel-uclibc-gcc -qversion >&5
mipsel-uclibc-gcc: unrecognized option '-qversion'
mipsel-uclibc-gcc: no input files
configure:2758: $? = 1
configure:2778: checking whether the C compiler works
configure:2800: mipsel-uclibc-gcc -Os -Wall -DLINUX26 -DDEBUG_NOISY -DDEBUG_RCTEST -pipe -funit-at-a-time -Wno-pointer-sign -mtune=mips32 -mips32 -DLINUX30 -DLINUX_KERNEL_VERSION=132644  -ffunction-sections -fdata-sections  -ffunction-sections -fdata-sections -Wl,--gc-sections -fPIC conftest.c  >&5
configure:2804: $? = 0
configure:2853: result: yes
configure:2856: checking for C compiler default output file name
configure:2858: result: a.out
configure:2864: checking for suffix of executables
configure:2871: mipsel-uclibc-gcc -o conftest -Os -Wall -DLINUX26 -DDEBUG_NOISY -DDEBUG_RCTEST -pipe -funit-at-a-time -Wno-pointer-sign -mtune=mips32 -mips32 -DLINUX30 -DLINUX_KERNEL_VERSION=132644  -ffunction-sections -fdata-sections  -ffunction-sections -fdata-sections -Wl,--gc-sections -fPIC conftest.c  >&5
configure:2875: $? = 0
configure:2897: result: 
configure:2919: checking whether we are cross compiling
configure:2927: mipsel-uclibc-gcc -o conftest -Os -Wall -DLINUX26 -DDEBUG_NOISY -DDEBUG_RCTEST -pipe -funit-at-a-time -Wno-pointer-sign -mtune=mips32 -mips32 -DLINUX30 -DLINUX_KERNEL_VERSION=132644  -ffunction-sections -fdata-sections  -ffunction-sections -fdata-sections -Wl,--gc-sections -fPIC conftest.c  >&5
configure:2931: $? = 0
configure:2938: ./conftest
/lib/ld-uClibc.so.0: No such file or directory
configure:2942: $? = 255
configure:2957: result: yes
configure:2962: checking for suffix of object files
configure:2984: mipsel-uclibc-gcc -c -Os -Wall -DLINUX26 -DDEBUG_NOISY -DDEBUG_RCTEST -pipe -funit-at-a-time -Wno-pointer-sign -mtune=mips32 -mips32 -DLINUX30 -DLINUX_KERNEL_VERSION=132644  -ffunction-sections -fdata-sections  conftest.c >&5
configure:2988: $? = 0
configure:3009: result: o
configure:3013: checking whether we are using the GNU C compiler
configure:3032: mipsel-uclibc-gcc -c -Os -Wall -DLINUX26 -DDEBUG_NOISY -DDEBUG_RCTEST -pipe -funit-at-a-time -Wno-pointer-sign -mtune=mips32 -mips32 -DLINUX30 -DLINUX_KERNEL_VERSION=132644  -ffunction-sections -fdata-sections  conftest.c >&5
configure:3032: $? = 0
configure:3041: result: yes
configure:3050: checking whether mipsel-uclibc-gcc accepts -g
configure:3070: mipsel-uclibc-gcc -c -g  conftest.c >&5
configure:3070: $? = 0
configure:3111: result: yes
configure:3128: checking for mipsel-uclibc-gcc option to accept ISO C89
configure:3192: mipsel-uclibc-gcc  -c -Os -Wall -DLINUX26 -DDEBUG_NOISY -DDEBUG_RCTEST -pipe -funit-at-a-time -Wno-pointer-sign -mtune=mips32 -mips32 -DLINUX30 -DLINUX_KERNEL_VERSION=132644  -ffunction-sections -fdata-sections  conftest.c >&5
configure:3192: $? = 0
configure:3205: result: none needed
configure:3236: checking for style of include used by make
configure:3264: result: GNU
configure:3292: checking dependency style of mipsel-uclibc-gcc
configure:3382: result: gcc3
configure:3413: checking how to run the C preprocessor
configure:3444: mipsel-uclibc-gcc -E  conftest.c
configure:3444: $? = 0
configure:3458: mipsel-uclibc-gcc -E  conftest.c
conftest.c:11:28: error: ac_nonexistent.h: No such file or directory
configure:3458: $? = 1
configure: failed program was:
| /* confdefs.h */
| #define PACKAGE_NAME ""
| #define PACKAGE_TARNAME ""
| #define PACKAGE_VERSION ""
| #define PACKAGE_STRING ""
| #define PACKAGE_BUGREPORT ""
| #define PACKAGE_URL ""
| #define PACKAGE "netstat-nat"
| #define VERSION "1.4.10"
| /* end confdefs.h.  */
| #include <ac_nonexistent.h>
configure:3483: result: mipsel-uclibc-gcc -E
configure:3503: mipsel-uclibc-gcc -E  conftest.c
configure:3503: $? = 0
configure:3517: mipsel-uclibc-gcc -E  conftest.c
conftest.c:11:28: error: ac_nonexistent.h: No such file or directory
configure:3517: $? = 1
configure: failed program was:
| /* confdefs.h */
| #define PACKAGE_NAME ""
| #define PACKAGE_TARNAME ""
| #define PACKAGE_VERSION ""
| #define PACKAGE_STRING ""
| #define PACKAGE_BUGREPORT ""
| #define PACKAGE_URL ""
| #define PACKAGE "netstat-nat"
| #define VERSION "1.4.10"
| /* end confdefs.h.  */
| #include <ac_nonexistent.h>
configure:3546: checking for grep that handles long lines and -e
configure:3604: result: /bin/grep
configure:3609: checking for egrep
configure:3671: result: /bin/grep -E
configure:3676: checking for ANSI C header files
configure:3696: mipsel-uclibc-gcc -c -Os -Wall -DLINUX26 -DDEBUG_NOISY -DDEBUG_RCTEST -pipe -funit-at-a-time -Wno-pointer-sign -mtune=mips32 -mips32 -DLINUX30 -DLINUX_KERNEL_VERSION=132644  -ffunction-sections -fdata-sections  conftest.c >&5
configure:3696: $? = 0
configure:3780: result: yes
configure:3793: checking for sys/types.h
configure:3793: mipsel-uclibc-gcc -c -Os -Wall -DLINUX26 -DDEBUG_NOISY -DDEBUG_RCTEST -pipe -funit-at-a-time -Wno-pointer-sign -mtune=mips32 -mips32 -DLINUX30 -DLINUX_KERNEL_VERSION=132644  -ffunction-sections -fdata-sections  conftest.c >&5
configure:3793: $? = 0
configure:3793: result: yes
configure:3793: checking for sys/stat.h
configure:3793: mipsel-uclibc-gcc -c -Os -Wall -DLINUX26 -DDEBUG_NOISY -DDEBUG_RCTEST -pipe -funit-at-a-time -Wno-pointer-sign -mtune=mips32 -mips32 -DLINUX30 -DLINUX_KERNEL_VERSION=132644  -ffunction-sections -fdata-sections  conftest.c >&5
configure:3793: $? = 0
configure:3793: result: yes
configure:3793: checking for stdlib.h
configure:3793: mipsel-uclibc-gcc -c -Os -Wall -DLINUX26 -DDEBUG_NOISY -DDEBUG_RCTEST -pipe -funit-at-a-time -Wno-pointer-sign -mtune=mips32 -mips32 -DLINUX30 -DLINUX_KERNEL_VERSION=132644  -ffunction-sections -fdata-sections  conftest.c >&5
configure:3793: $? = 0
configure:3793: result: yes
configure:3793: checking for string.h
configure:3793: mipsel-uclibc-gcc -c -Os -Wall -DLINUX26 -DDEBUG_NOISY -DDEBUG_RCTEST -pipe -funit-at-a-time -Wno-pointer-sign -mtune=mips32 -mips32 -DLINUX30 -DLINUX_KERNEL_VERSION=132644  -ffunction-sections -fdata-sections  conftest.c >&5
configure:3793: $? = 0
configure:3793: result: yes
configure:3793: checking for memory.h
configure:3793: mipsel-uclibc-gcc -c -Os -Wall -DLINUX26 -DDEBUG_NOISY -DDEBUG_RCTEST -pipe -funit-at-a-time -Wno-pointer-sign -mtune=mips32 -mips32 -DLINUX30 -DLINUX_KERNEL_VERSION=132644  -ffunction-sections -fdata-sections  conftest.c >&5
configure:3793: $? = 0
configure:3793: result: yes
configure:3793: checking for strings.h
configure:3793: mipsel-uclibc-gcc -c -Os -Wall -DLINUX26 -DDEBUG_NOISY -DDEBUG_RCTEST -pipe -funit-at-a-time -Wno-pointer-sign -mtune=mips32 -mips32 -DLINUX30 -DLINUX_KERNEL_VERSION=132644  -ffunction-sections -fdata-sections  conftest.c >&5
configure:3793: $? = 0
configure:3793: result: yes
configure:3793: checking for inttypes.h
configure:3793: mipsel-uclibc-gcc -c -Os -Wall -DLINUX26 -DDEBUG_NOISY -DDEBUG_RCTEST -pipe -funit-at-a-time -Wno-pointer-sign -mtune=mips32 -mips32 -DLINUX30 -DLINUX_KERNEL_VERSION=132644  -ffunction-sections -fdata-sections  conftest.c >&5
configure:3793: $? = 0
configure:3793: result: yes
configure:3793: checking for stdint.h
configure:3793: mipsel-uclibc-gcc -c -Os -Wall -DLINUX26 -DDEBUG_NOISY -DDEBUG_RCTEST -pipe -funit-at-a-time -Wno-pointer-sign -mtune=mips32 -mips32 -DLINUX30 -DLINUX_KERNEL_VERSION=132644  -ffunction-sections -fdata-sections  conftest.c >&5
configure:3793: $? = 0
configure:3793: result: yes
configure:3793: checking for unistd.h
configure:3793: mipsel-uclibc-gcc -c -Os -Wall -DLINUX26 -DDEBUG_NOISY -DDEBUG_RCTEST -pipe -funit-at-a-time -Wno-pointer-sign -mtune=mips32 -mips32 -DLINUX30 -DLINUX_KERNEL_VERSION=132644  -ffunction-sections -fdata-sections  conftest.c >&5
configure:3793: $? = 0
configure:3793: result: yes
configure:3809: checking stdio.h usability
configure:3809: mipsel-uclibc-gcc -c -Os -Wall -DLINUX26 -DDEBUG_NOISY -DDEBUG_RCTEST -pipe -funit-at-a-time -Wno-pointer-sign -mtune=mips32 -mips32 -DLINUX30 -DLINUX_KERNEL_VERSION=132644  -ffunction-sections -fdata-sections  conftest.c >&5
configure:3809: $? = 0
configure:3809: result: yes
configure:3809: checking stdio.h presence
configure:3809: mipsel-uclibc-gcc -E  conftest.c
configure:3809: $? = 0
configure:3809: result: yes
configure:3809: checking for stdio.h
configure:3809: result: yes
configure:3809: checking for stdlib.h
configure:3809: result: yes
configure:3809: checking for string.h
configure:3809: result: yes
configure:3809: checking netdb.h usability
configure:3809: mipsel-uclibc-gcc -c -Os -Wall -DLINUX26 -DDEBUG_NOISY -DDEBUG_RCTEST -pipe -funit-at-a-time -Wno-pointer-sign -mtune=mips32 -mips32 -DLINUX30 -DLINUX_KERNEL_VERSION=132644  -ffunction-sections -fdata-sections  conftest.c >&5
configure:3809: $? = 0
configure:3809: result: yes
configure:3809: checking netdb.h presence
configure:3809: mipsel-uclibc-gcc -E  conftest.c
configure:3809: $? = 0
configure:3809: result: yes
configure:3809: checking for netdb.h
configure:3809: result: yes
configure:3809: checking for unistd.h
configure:3809: result: yes
configure:3809: checking arpa/inet.h usability
configure:3809: mipsel-uclibc-gcc -c -Os -Wall -DLINUX26 -DDEBUG_NOISY -DDEBUG_RCTEST -pipe -funit-at-a-time -Wno-pointer-sign -mtune=mips32 -mips32 -DLINUX30 -DLINUX_KERNEL_VERSION=132644  -ffunction-sections -fdata-sections  conftest.c >&5
configure:3809: $? = 0
configure:3809: result: yes
configure:3809: checking arpa/inet.h presence
configure:3809: mipsel-uclibc-gcc -E  conftest.c
configure:3809: $? = 0
configure:3809: result: yes
configure:3809: checking for arpa/inet.h
configure:3809: result: yes
configure:3809: checking errno.h usability
configure:3809: mipsel-uclibc-gcc -c -Os -Wall -DLINUX26 -DDEBUG_NOISY -DDEBUG_RCTEST -pipe -funit-at-a-time -Wno-pointer-sign -mtune=mips32 -mips32 -DLINUX30 -DLINUX_KERNEL_VERSION=132644  -ffunction-sections -fdata-sections  conftest.c >&5
configure:3809: $? = 0
configure:3809: result: yes
configure:3809: checking errno.h presence
configure:3809: mipsel-uclibc-gcc -E  conftest.c
configure:3809: $? = 0
configure:3809: result: yes
configure:3809: checking for errno.h
configure:3809: result: yes
configure:3809: checking for strings.h
configure:3809: result: yes
configure:3809: checking net/if.h usability
configure:3809: mipsel-uclibc-gcc -c -Os -Wall -DLINUX26 -DDEBUG_NOISY -DDEBUG_RCTEST -pipe -funit-at-a-time -Wno-pointer-sign -mtune=mips32 -mips32 -DLINUX30 -DLINUX_KERNEL_VERSION=132644  -ffunction-sections -fdata-sections  conftest.c >&5
configure:3809: $? = 0
configure:3809: result: yes
configure:3809: checking net/if.h presence
configure:3809: mipsel-uclibc-gcc -E  conftest.c
configure:3809: $? = 0
configure:3809: result: yes
configure:3809: checking for net/if.h
configure:3809: result: yes
configure:3809: checking sys/ioctl.h usability
configure:3809: mipsel-uclibc-gcc -c -Os -Wall -DLINUX26 -DDEBUG_NOISY -DDEBUG_RCTEST -pipe -funit-at-a-time -Wno-pointer-sign -mtune=mips32 -mips32 -DLINUX30 -DLINUX_KERNEL_VERSION=132644  -ffunction-sections -fdata-sections  conftest.c >&5
configure:3809: $? = 0
configure:3809: result: yes
configure:3809: checking sys/ioctl.h presence
configure:3809: mipsel-uclibc-gcc -E  conftest.c
configure:3809: $? = 0
configure:3809: result: yes
configure:3809: checking for sys/ioctl.h
configure:3809: result: yes
configure:3969: creating ./config.status

## ---------------------- ##
## Running config.status. ##
## ---------------------- ##

This file was extended by config.status, which was
generated by GNU Autoconf 2.65.  Invocation command line was

  CONFIG_FILES    = 
  CONFIG_HEADERS  = 
  CONFIG_LINKS    = 
  CONFIG_COMMANDS = 
  $ ./config.status 

on jacky-HP-ProDesk-600-G2-SFF

config.status:771: creating Makefile
config.status:928: executing depfiles commands

## ---------------- ##
## Cache variables. ##
## ---------------- ##

ac_cv_c_compiler_gnu=yes
ac_cv_env_CC_set=set
ac_cv_env_CC_value=mipsel-uclibc-gcc
ac_cv_env_CFLAGS_set=set
ac_cv_env_CFLAGS_value='-Os -Wall -DLINUX26 -DDEBUG_NOISY -DDEBUG_RCTEST -pipe -funit-at-a-time -Wno-pointer-sign -mtune=mips32 -mips32 -DLINUX30 -DLINUX_KERNEL_VERSION=132644  -ffunction-sections -fdata-sections'
ac_cv_env_CPPFLAGS_set=
ac_cv_env_CPPFLAGS_value=
ac_cv_env_CPP_set=
ac_cv_env_CPP_value=
ac_cv_env_LDFLAGS_set=set
ac_cv_env_LDFLAGS_value='-ffunction-sections -fdata-sections -Wl,--gc-sections -fPIC'
ac_cv_env_LIBS_set=
ac_cv_env_LIBS_value=
ac_cv_env_build_alias_set=set
ac_cv_env_build_alias_value=
ac_cv_env_host_alias_set=set
ac_cv_env_host_alias_value=mipsel-linux
ac_cv_env_target_alias_set=
ac_cv_env_target_alias_value=
ac_cv_header_arpa_inet_h=yes
ac_cv_header_errno_h=yes
ac_cv_header_inttypes_h=yes
ac_cv_header_memory_h=yes
ac_cv_header_net_if_h=yes
ac_cv_header_netdb_h=yes
ac_cv_header_stdc=yes
ac_cv_header_stdint_h=yes
ac_cv_header_stdio_h=yes
ac_cv_header_stdlib_h=yes
ac_cv_header_string_h=yes
ac_cv_header_strings_h=yes
ac_cv_header_sys_ioctl_h=yes
ac_cv_header_sys_stat_h=yes
ac_cv_header_sys_types_h=yes
ac_cv_header_unistd_h=yes
ac_cv_objext=o
ac_cv_path_EGREP='/bin/grep -E'
ac_cv_path_GREP=/bin/grep
ac_cv_path_install='/usr/bin/install -c'
ac_cv_prog_AWK=gawk
ac_cv_prog_CC=mipsel-uclibc-gcc
ac_cv_prog_CPP='mipsel-uclibc-gcc -E'
ac_cv_prog_STRIP='mipsel-uclibc-strip -R .note -R .comment'
ac_cv_prog_cc_c89=
ac_cv_prog_cc_g=yes
ac_cv_prog_make_make_set=yes
am_cv_CC_dependencies_compiler_type=gcc3

## ----------------- ##
## Output variables. ##
## ----------------- ##

ACLOCAL='${SHELL} /home/RT-AC54U/asuswrt/release/src/router/netstat-nat/missing --run aclocal-1.9'
AMDEPBACKSLASH='\'
AMDEP_FALSE='#'
AMDEP_TRUE=''
AMTAR='${SHELL} /home/RT-AC54U/asuswrt/release/src/router/netstat-nat/missing --run tar'
AUTOCONF='${SHELL} /home/RT-AC54U/asuswrt/release/src/router/netstat-nat/missing --run autoconf'
AUTOHEADER='${SHELL} /home/RT-AC54U/asuswrt/release/src/router/netstat-nat/missing --run autoheader'
AUTOMAKE='${SHELL} /home/RT-AC54U/asuswrt/release/src/router/netstat-nat/missing --run automake-1.9'
AWK='gawk'
CC='mipsel-uclibc-gcc'
CCDEPMODE='depmode=gcc3'
CFLAGS='-Os -Wall -DLINUX26 -DDEBUG_NOISY -DDEBUG_RCTEST -pipe -funit-at-a-time -Wno-pointer-sign -mtune=mips32 -mips32 -DLINUX30 -DLINUX_KERNEL_VERSION=132644  -ffunction-sections -fdata-sections'
CPP='mipsel-uclibc-gcc -E'
CPPFLAGS=''
CYGPATH_W='echo'
DEFS='-DPACKAGE_NAME=\"\" -DPACKAGE_TARNAME=\"\" -DPACKAGE_VERSION=\"\" -DPACKAGE_STRING=\"\" -DPACKAGE_BUGREPORT=\"\" -DPACKAGE_URL=\"\" -DPACKAGE=\"netstat-nat\" -DVERSION=\"1.4.10\" -DSTDC_HEADERS=1 -DHAVE_SYS_TYPES_H=1 -DHAVE_SYS_STAT_H=1 -DHAVE_STDLIB_H=1 -DHAVE_STRING_H=1 -DHAVE_MEMORY_H=1 -DHAVE_STRINGS_H=1 -DHAVE_INTTYPES_H=1 -DHAVE_STDINT_H=1 -DHAVE_UNISTD_H=1 -DHAVE_STDIO_H=1 -DHAVE_STDLIB_H=1 -DHAVE_STRING_H=1 -DHAVE_NETDB_H=1 -DHAVE_UNISTD_H=1 -DHAVE_ARPA_INET_H=1 -DHAVE_ERRNO_H=1 -DHAVE_STRINGS_H=1 -DHAVE_NET_IF_H=1 -DHAVE_SYS_IOCTL_H=1'
DEPDIR='.deps'
ECHO_C=''
ECHO_N='-n'
ECHO_T=''
EGREP='/bin/grep -E'
EXEEXT=''
GREP='/bin/grep'
INSTALL_DATA='${INSTALL} -m 644'
INSTALL_PROGRAM='${INSTALL}'
INSTALL_SCRIPT='${INSTALL}'
INSTALL_STRIP_PROGRAM='${SHELL} $(install_sh) -c -s'
LDFLAGS='-ffunction-sections -fdata-sections -Wl,--gc-sections -fPIC'
LIBOBJS=''
LIBS=''
LTLIBOBJS=''
MAKEINFO='${SHELL} /home/RT-AC54U/asuswrt/release/src/router/netstat-nat/missing --run makeinfo'
OBJEXT='o'
PACKAGE='netstat-nat'
PACKAGE_BUGREPORT=''
PACKAGE_NAME=''
PACKAGE_STRING=''
PACKAGE_TARNAME=''
PACKAGE_URL=''
PACKAGE_VERSION=''
PATH_SEPARATOR=':'
SET_MAKE=''
SHELL='/bin/bash'
STRIP='mipsel-uclibc-strip -R .note -R .comment'
VERSION='1.4.10'
ac_ct_CC=''
am__fastdepCC_FALSE='#'
am__fastdepCC_TRUE=''
am__include='include'
am__leading_dot='.'
am__quote=''
am__tar='${AMTAR} chof - "$$tardir"'
am__untar='${AMTAR} xf -'
bindir='${exec_prefix}/bin'
build_alias=''
datadir='${datarootdir}'
datarootdir='${prefix}/share'
docdir='${datarootdir}/doc/${PACKAGE}'
dvidir='${docdir}'
exec_prefix='${prefix}'
host_alias='mipsel-linux'
htmldir='${docdir}'
includedir='${prefix}/include'
infodir='${datarootdir}/info'
install_sh='/home/RT-AC54U/asuswrt/release/src/router/netstat-nat/install-sh'
libdir='${exec_prefix}/lib'
libexecdir='${exec_prefix}/libexec'
localedir='${datarootdir}/locale'
localstatedir='${prefix}/var'
mandir='${datarootdir}/man'
mkdir_p='mkdir -p --'
oldincludedir='/usr/include'
pdfdir='${docdir}'
prefix='/usr'
program_transform_name='s,x,x,'
psdir='${docdir}'
sbindir='${exec_prefix}/sbin'
sharedstatedir='${prefix}/com'
sysconfdir='${prefix}/etc'
target_alias=''

## ----------- ##
## confdefs.h. ##
## ----------- ##

/* confdefs.h */
#define PACKAGE_NAME ""
#define PACKAGE_TARNAME ""
#define PACKAGE_VERSION ""
#define PACKAGE_STRING ""
#define PACKAGE_BUGREPORT ""
#define PACKAGE_URL ""
#define PACKAGE "netstat-nat"
#define VERSION "1.4.10"
#define STDC_HEADERS 1
#define HAVE_SYS_TYPES_H 1
#define HAVE_SYS_STAT_H 1
#define HAVE_STDLIB_H 1
#define HAVE_STRING_H 1
#define HAVE_MEMORY_H 1
#define HAVE_STRINGS_H 1
#define HAVE_INTTYPES_H 1
#define HAVE_STDINT_H 1
#define HAVE_UNISTD_H 1
#define HAVE_STDIO_H 1
#define HAVE_STDLIB_H 1
#define HAVE_STRING_H 1
#define HAVE_NETDB_H 1
#define HAVE_UNISTD_H 1
#define HAVE_ARPA_INET_H 1
#define HAVE_ERRNO_H 1
#define HAVE_STRINGS_H 1
#define HAVE_NET_IF_H 1
#define HAVE_SYS_IOCTL_H 1

configure: exit 0
